python example.py
tup before calling ex7= valvuloplasty
synset len = 0
all synsets :

[]
**********************
len = 0
tup before calling ex7= guidewire
synset len = 0
all synsets :

[]
**********************
len = 0
tup before calling ex7= broken
synset len = 0
all synsets :

[]
**********************
len = 0
tup before calling ex7= fragment
synset len = 3
all synsets :

[Synset('fragment.n.01'), Synset('shard.n.01'), Synset('fragment.n.03')]
**********************
finding common parent of:: 
s1 = Synset('fragment.n.01') || s2 = Synset('shard.n.01')
me = common_parent
me = findCommonofList
[Synset('entity.n.01'), Synset('physical_entity.n.01'), Synset('thing.n.12'), Synset('part.n.03'), Synset('fragment.n.01')]
[Synset('entity.n.01'), Synset('physical_entity.n.01'), Synset('object.n.01'), Synset('part.n.02'), Synset('piece.n.01'), Synset('shard.n.01')]
parent found = Synset('physical_entity.n.01')


elist = [Synset('physical_entity.n.01'), Synset('fragment.n.03')]
###############################################
len = 2
me = common_parent
me = findCommonofList
[Synset('entity.n.01'), Synset('physical_entity.n.01')]
[Synset('entity.n.01'), Synset('physical_entity.n.01'), Synset('object.n.01'), Synset('whole.n.02'), Synset('artifact.n.01'), Synset('creation.n.02'), Synset('piece.n.06'), Synset('fragment.n.03')]
tup before calling ex7= left
synset len = 5
all synsets :

[Synset('left.n.01'), Synset('left.n.02'), Synset('left.n.03'), Synset('left_field.n.01'), Synset('left.n.05')]
**********************
finding common parent of:: 
s1 = Synset('left.n.01') || s2 = Synset('left.n.02')
me = common_parent
me = findCommonofList
[Synset('entity.n.01'), Synset('physical_entity.n.01'), Synset('object.n.01'), Synset('location.n.01'), Synset('point.n.02'), Synset('position.n.01'), Synset('left.n.01')]
[Synset('entity.n.01'), Synset('abstraction.n.06'), Synset('group.n.01'), Synset('social_group.n.01'), Synset('set.n.05'), Synset('clique.n.01'), Synset('faction.n.02'), Synset('left.n.02')]
parent found = Synset('entity.n.01')


finding common parent of:: 
s1 = Synset('left.n.03') || s2 = Synset('left_field.n.01')
me = common_parent
me = findCommonofList
[Synset('entity.n.01'), Synset('physical_entity.n.01'), Synset('thing.n.12'), Synset('part.n.03'), Synset('body_part.n.01'), Synset('external_body_part.n.01'), Synset('extremity.n.05'), Synset('hand.n.01'), Synset('left.n.03')]
[Synset('entity.n.01'), Synset('physical_entity.n.01'), Synset('object.n.01'), Synset('location.n.01'), Synset('region.n.03'), Synset('geographical_area.n.01'), Synset('tract.n.01'), Synset('left_field.n.01')]
parent found = Synset('physical_entity.n.01')


elist = [Synset('entity.n.01'), Synset('physical_entity.n.01'), Synset('left.n.05')]
finding common parent of:: 
s1 = Synset('entity.n.01') || s2 = Synset('physical_entity.n.01')
me = common_parent
me = findCommonofList
[Synset('entity.n.01')]
[Synset('entity.n.01'), Synset('physical_entity.n.01')]
parent found = Synset('entity.n.01')


elist = [Synset('entity.n.01'), Synset('left.n.05')]
###############################################
len = 2
me = common_parent
me = findCommonofList
[Synset('entity.n.01')]
[Synset('entity.n.01'), Synset('abstraction.n.06'), Synset('psychological_feature.n.01'), Synset('event.n.01'), Synset('act.n.02'), Synset('action.n.01'), Synset('change.n.03'), Synset('change_of_direction.n.01'), Synset('change_of_course.n.01'), Synset('turn.n.02'), Synset('left.n.05')]
tup before calling ex7= body
synset len = 11
all synsets :

[Synset('body.n.01'), Synset('body.n.02'), Synset('body.n.03'), Synset('body.n.04'), Synset('torso.n.01'), Synset('body.n.06'), Synset('consistency.n.01'), Synset('body.n.08'), Synset('body.n.09'), Synset('soundbox.n.01'), Synset('body.n.11')]
**********************
finding common parent of:: 
s1 = Synset('body.n.01') || s2 = Synset('body.n.02')
me = common_parent
me = findCommonofList
[Synset('entity.n.01'), Synset('physical_entity.n.01'), Synset('object.n.01'), Synset('whole.n.02'), Synset('natural_object.n.01'), Synset('body.n.01')]
[Synset('entity.n.01'), Synset('abstraction.n.06'), Synset('group.n.01'), Synset('social_group.n.01'), Synset('body.n.02')]
parent found = Synset('entity.n.01')


finding common parent of:: 
s1 = Synset('body.n.03') || s2 = Synset('body.n.04')
me = common_parent
me = findCommonofList
[Synset('entity.n.01'), Synset('physical_entity.n.01'), Synset('object.n.01'), Synset('whole.n.02'), Synset('natural_object.n.01'), Synset('body.n.03')]
[Synset('entity.n.01'), Synset('physical_entity.n.01'), Synset('object.n.01'), Synset('whole.n.02'), Synset('natural_object.n.01'), Synset('body.n.04')]
parent found = Synset('natural_object.n.01')


finding common parent of:: 
s1 = Synset('torso.n.01') || s2 = Synset('body.n.06')
me = common_parent
me = findCommonofList
[Synset('entity.n.01'), Synset('physical_entity.n.01'), Synset('thing.n.12'), Synset('part.n.03'), Synset('body_part.n.01'), Synset('torso.n.01')]
[Synset('entity.n.01'), Synset('abstraction.n.06'), Synset('group.n.01'), Synset('system.n.02'), Synset('body.n.06')]
parent found = Synset('entity.n.01')


finding common parent of:: 
s1 = Synset('consistency.n.01') || s2 = Synset('body.n.08')
me = common_parent
me = findCommonofList
[Synset('entity.n.01'), Synset('abstraction.n.06'), Synset('attribute.n.02'), Synset('property.n.02'), Synset('consistency.n.01')]
[Synset('entity.n.01'), Synset('abstraction.n.06'), Synset('communication.n.02'), Synset('message.n.02'), Synset('body.n.08')]
parent found = Synset('abstraction.n.06')


finding common parent of:: 
s1 = Synset('body.n.09') || s2 = Synset('soundbox.n.01')
me = common_parent
me = findCommonofList
[Synset('entity.n.01'), Synset('abstraction.n.06'), Synset('attribute.n.02'), Synset('property.n.02'), Synset('physical_property.n.01'), Synset('mass.n.01'), Synset('body.n.09')]
[Synset('entity.n.01'), Synset('physical_entity.n.01'), Synset('object.n.01'), Synset('whole.n.02'), Synset('artifact.n.01'), Synset('structure.n.01'), Synset('area.n.05'), Synset('enclosure.n.01'), Synset('chamber.n.01'), Synset('resonator.n.01'), Synset('soundbox.n.01')]
parent found = Synset('entity.n.01')


elist = [Synset('entity.n.01'), Synset('natural_object.n.01'), Synset('entity.n.01'), Synset('abstraction.n.06'), Synset('entity.n.01'), Synset('body.n.11')]
finding common parent of:: 
s1 = Synset('entity.n.01') || s2 = Synset('natural_object.n.01')
me = common_parent
me = findCommonofList
[Synset('entity.n.01')]
[Synset('entity.n.01'), Synset('physical_entity.n.01'), Synset('object.n.01'), Synset('whole.n.02'), Synset('natural_object.n.01')]
parent found = Synset('entity.n.01')


finding common parent of:: 
s1 = Synset('entity.n.01') || s2 = Synset('abstraction.n.06')
me = common_parent
me = findCommonofList
[Synset('entity.n.01')]
[Synset('entity.n.01'), Synset('abstraction.n.06')]
parent found = Synset('entity.n.01')


finding common parent of:: 
s1 = Synset('entity.n.01') || s2 = Synset('body.n.11')
me = common_parent
me = findCommonofList
[Synset('entity.n.01')]
[Synset('entity.n.01'), Synset('physical_entity.n.01'), Synset('object.n.01'), Synset('whole.n.02'), Synset('artifact.n.01'), Synset('structure.n.01'), Synset('body.n.11')]
parent found = Synset('entity.n.01')


elist = [Synset('entity.n.01'), Synset('entity.n.01'), Synset('entity.n.01')]
finding common parent of:: 
s1 = Synset('entity.n.01') || s2 = Synset('entity.n.01')
me = common_parent
me = findCommonofList
[Synset('entity.n.01')]
[Synset('entity.n.01')]
parent found = Synset('entity.n.01')


elist = [Synset('entity.n.01'), Synset('entity.n.01')]
###############################################
len = 2
me = common_parent
me = findCommonofList
[Synset('entity.n.01')]
[Synset('entity.n.01')]
tup before calling ex7= snare
synset len = 5
all synsets :

[Synset('trap.n.03'), Synset('snare_drum.n.01'), Synset('snare.n.03'), Synset('snare.n.04'), Synset('snare.n.05')]
**********************
finding common parent of:: 
s1 = Synset('trap.n.03') || s2 = Synset('snare_drum.n.01')
me = common_parent
me = findCommonofList
[Synset('entity.n.01'), Synset('abstraction.n.06'), Synset('psychological_feature.n.01'), Synset('cognition.n.01'), Synset('structure.n.03'), Synset('arrangement.n.03'), Synset('design.n.02'), Synset('trap.n.03')]
[Synset('entity.n.01'), Synset('physical_entity.n.01'), Synset('object.n.01'), Synset('whole.n.02'), Synset('artifact.n.01'), Synset('instrumentality.n.03'), Synset('device.n.01'), Synset('musical_instrument.n.01'), Synset('percussion_instrument.n.01'), Synset('drum.n.01'), Synset('snare_drum.n.01')]
parent found = Synset('entity.n.01')


finding common parent of:: 
s1 = Synset('snare.n.03') || s2 = Synset('snare.n.04')
me = common_parent
me = findCommonofList
[Synset('entity.n.01'), Synset('physical_entity.n.01'), Synset('object.n.01'), Synset('whole.n.02'), Synset('artifact.n.01'), Synset('instrumentality.n.03'), Synset('device.n.01'), Synset('instrument.n.01'), Synset('medical_instrument.n.01'), Synset('surgical_instrument.n.01'), Synset('snare.n.03')]
[Synset('entity.n.01'), Synset('physical_entity.n.01'), Synset('object.n.01'), Synset('whole.n.02'), Synset('artifact.n.01'), Synset('line.n.18'), Synset('cord.n.01'), Synset('string.n.03'), Synset('snare.n.04')]
parent found = Synset('artifact.n.01')


elist = [Synset('entity.n.01'), Synset('artifact.n.01'), Synset('snare.n.05')]
finding common parent of:: 
s1 = Synset('entity.n.01') || s2 = Synset('artifact.n.01')
me = common_parent
me = findCommonofList
[Synset('entity.n.01')]
[Synset('entity.n.01'), Synset('physical_entity.n.01'), Synset('object.n.01'), Synset('whole.n.02'), Synset('artifact.n.01')]
parent found = Synset('entity.n.01')


elist = [Synset('entity.n.01'), Synset('snare.n.05')]
###############################################
len = 2
me = common_parent
me = findCommonofList
[Synset('entity.n.01')]
[Synset('entity.n.01'), Synset('physical_entity.n.01'), Synset('object.n.01'), Synset('whole.n.02'), Synset('artifact.n.01'), Synset('instrumentality.n.03'), Synset('device.n.01'), Synset('trap.n.01'), Synset('snare.n.05')]
tup before calling ex7= case
synset len = 20
all synsets :

[Synset('case.n.01'), Synset('event.n.02'), Synset('lawsuit.n.01'), Synset('case.n.04'), Synset('case.n.05'), Synset('case.n.06'), Synset('subject.n.06'), Synset('case.n.08'), Synset('case.n.09'), Synset('case.n.10'), Synset('case.n.11'), Synset('case.n.12'), Synset('character.n.05'), Synset('font.n.01'), Synset('sheath.n.02'), Synset('shell.n.08'), Synset('casing.n.03'), Synset('case.n.18'), Synset('case.n.19'), Synset('case.n.20')]
**********************
finding common parent of:: 
s1 = Synset('case.n.01') || s2 = Synset('event.n.02')
me = common_parent
me = findCommonofList
[Synset('entity.n.01'), Synset('abstraction.n.06'), Synset('psychological_feature.n.01'), Synset('event.n.01'), Synset('happening.n.01'), Synset('case.n.01')]
[Synset('entity.n.01'), Synset('abstraction.n.06'), Synset('attribute.n.02'), Synset('state.n.02'), Synset('condition.n.01'), Synset('circumstance.n.01'), Synset('event.n.02')]
parent found = Synset('abstraction.n.06')


finding common parent of:: 
s1 = Synset('lawsuit.n.01') || s2 = Synset('case.n.04')
me = common_parent
me = findCommonofList
[Synset('entity.n.01'), Synset('abstraction.n.06'), Synset('psychological_feature.n.01'), Synset('event.n.01'), Synset('act.n.02'), Synset('group_action.n.01'), Synset('due_process.n.01'), Synset('proceeding.n.01'), Synset('lawsuit.n.01')]
[Synset('entity.n.01'), Synset('abstraction.n.06'), Synset('psychological_feature.n.01'), Synset('cognition.n.01'), Synset('information.n.02'), Synset('fact.n.01'), Synset('case.n.04')]
parent found = Synset('psychological_feature.n.01')


finding common parent of:: 
s1 = Synset('case.n.05') || s2 = Synset('case.n.06')
me = common_parent
me = findCommonofList
[Synset('entity.n.01'), Synset('physical_entity.n.01'), Synset('object.n.01'), Synset('whole.n.02'), Synset('artifact.n.01'), Synset('instrumentality.n.03'), Synset('container.n.01'), Synset('case.n.05')]
[Synset('entity.n.01'), Synset('physical_entity.n.01'), Synset('object.n.01'), Synset('whole.n.02'), Synset('living_thing.n.01'), Synset('organism.n.01'), Synset('person.n.01'), Synset('case.n.06')]
parent found = Synset('whole.n.02')


finding common parent of:: 
s1 = Synset('subject.n.06') || s2 = Synset('case.n.08')
me = common_parent
me = findCommonofList
[Synset('entity.n.01'), Synset('physical_entity.n.01'), Synset('object.n.01'), Synset('whole.n.02'), Synset('living_thing.n.01'), Synset('organism.n.01'), Synset('person.n.01'), Synset('subject.n.06')]
[Synset('entity.n.01'), Synset('abstraction.n.06'), Synset('communication.n.02'), Synset('message.n.02'), Synset('subject.n.01'), Synset('question.n.02'), Synset('problem.n.02'), Synset('case.n.08')]
parent found = Synset('entity.n.01')


finding common parent of:: 
s1 = Synset('case.n.09') || s2 = Synset('case.n.10')
me = common_parent
me = findCommonofList
[Synset('entity.n.01'), Synset('abstraction.n.06'), Synset('communication.n.02'), Synset('indication.n.01'), Synset('evidence.n.02'), Synset('argument.n.01'), Synset('case.n.09')]
[Synset('entity.n.01'), Synset('abstraction.n.06'), Synset('measure.n.02'), Synset('indefinite_quantity.n.01'), Synset('containerful.n.01'), Synset('case.n.10')]
parent found = Synset('abstraction.n.06')


finding common parent of:: 
s1 = Synset('case.n.11') || s2 = Synset('case.n.12')
me = common_parent
me = findCommonofList
[Synset('entity.n.01'), Synset('abstraction.n.06'), Synset('group.n.01'), Synset('collection.n.01'), Synset('class.n.01'), Synset('grammatical_category.n.01'), Synset('case.n.11')]
[Synset('entity.n.01'), Synset('abstraction.n.06'), Synset('attribute.n.02'), Synset('state.n.02'), Synset('condition.n.01'), Synset('psychological_state.n.01'), Synset('state_of_mind.n.01'), Synset('case.n.12')]
parent found = Synset('abstraction.n.06')


finding common parent of:: 
s1 = Synset('character.n.05') || s2 = Synset('font.n.01')
me = common_parent
me = findCommonofList
[Synset('entity.n.01'), Synset('physical_entity.n.01'), Synset('object.n.01'), Synset('whole.n.02'), Synset('living_thing.n.01'), Synset('organism.n.01'), Synset('person.n.01'), Synset('adult.n.01'), Synset('character.n.05')]
[Synset('entity.n.01'), Synset('abstraction.n.06'), Synset('communication.n.02'), Synset('signal.n.01'), Synset('symbol.n.01'), Synset('written_symbol.n.01'), Synset('character.n.08'), Synset('type.n.04'), Synset('font.n.01')]
parent found = Synset('entity.n.01')


finding common parent of:: 
s1 = Synset('sheath.n.02') || s2 = Synset('shell.n.08')
me = common_parent
me = findCommonofList
[Synset('entity.n.01'), Synset('physical_entity.n.01'), Synset('object.n.01'), Synset('whole.n.02'), Synset('natural_object.n.01'), Synset('covering.n.01'), Synset('sheath.n.02')]
[Synset('entity.n.01'), Synset('physical_entity.n.01'), Synset('object.n.01'), Synset('whole.n.02'), Synset('artifact.n.01'), Synset('covering.n.02'), Synset('protective_covering.n.01'), Synset('housing.n.02'), Synset('shell.n.08')]
parent found = Synset('whole.n.02')


finding common parent of:: 
s1 = Synset('casing.n.03') || s2 = Synset('case.n.18')
me = common_parent
me = findCommonofList
[Synset('entity.n.01'), Synset('physical_entity.n.01'), Synset('object.n.01'), Synset('whole.n.02'), Synset('artifact.n.01'), Synset('structure.n.01'), Synset('supporting_structure.n.01'), Synset('framework.n.03'), Synset('casing.n.03')]
[Synset('entity.n.01'), Synset('physical_entity.n.01'), Synset('object.n.01'), Synset('whole.n.02'), Synset('artifact.n.01'), Synset('instrumentality.n.03'), Synset('container.n.01'), Synset('receptacle.n.01'), Synset('case.n.18')]
parent found = Synset('artifact.n.01')


finding common parent of:: 
s1 = Synset('case.n.19') || s2 = Synset('case.n.20')
me = common_parent
me = findCommonofList
[Synset('entity.n.01'), Synset('physical_entity.n.01'), Synset('object.n.01'), Synset('whole.n.02'), Synset('artifact.n.01'), Synset('commodity.n.01'), Synset('drygoods.n.01'), Synset('white_goods.n.02'), Synset('linen.n.03'), Synset('bed_linen.n.01'), Synset('case.n.19')]
[Synset('entity.n.01'), Synset('physical_entity.n.01'), Synset('object.n.01'), Synset('whole.n.02'), Synset('artifact.n.01'), Synset('instrumentality.n.03'), Synset('container.n.01'), Synset('case.n.20')]
parent found = Synset('artifact.n.01')


elist = [Synset('abstraction.n.06'), Synset('psychological_feature.n.01'), Synset('whole.n.02'), Synset('entity.n.01'), Synset('abstraction.n.06'), Synset('abstraction.n.06'), Synset('entity.n.01'), Synset('whole.n.02'), Synset('artifact.n.01'), Synset('artifact.n.01')]
finding common parent of:: 
s1 = Synset('abstraction.n.06') || s2 = Synset('psychological_feature.n.01')
me = common_parent
me = findCommonofList
[Synset('entity.n.01'), Synset('abstraction.n.06')]
[Synset('entity.n.01'), Synset('abstraction.n.06'), Synset('psychological_feature.n.01')]
parent found = Synset('abstraction.n.06')


finding common parent of:: 
s1 = Synset('whole.n.02') || s2 = Synset('entity.n.01')
me = common_parent
me = findCommonofList
[Synset('entity.n.01'), Synset('physical_entity.n.01'), Synset('object.n.01'), Synset('whole.n.02')]
[Synset('entity.n.01')]
parent found = Synset('entity.n.01')


finding common parent of:: 
s1 = Synset('abstraction.n.06') || s2 = Synset('abstraction.n.06')
me = common_parent
me = findCommonofList
[Synset('entity.n.01'), Synset('abstraction.n.06')]
[Synset('entity.n.01'), Synset('abstraction.n.06')]
parent found = Synset('abstraction.n.06')


finding common parent of:: 
s1 = Synset('entity.n.01') || s2 = Synset('whole.n.02')
me = common_parent
me = findCommonofList
[Synset('entity.n.01')]
[Synset('entity.n.01'), Synset('physical_entity.n.01'), Synset('object.n.01'), Synset('whole.n.02')]
parent found = Synset('entity.n.01')


finding common parent of:: 
s1 = Synset('artifact.n.01') || s2 = Synset('artifact.n.01')
me = common_parent
me = findCommonofList
[Synset('entity.n.01'), Synset('physical_entity.n.01'), Synset('object.n.01'), Synset('whole.n.02'), Synset('artifact.n.01')]
[Synset('entity.n.01'), Synset('physical_entity.n.01'), Synset('object.n.01'), Synset('whole.n.02'), Synset('artifact.n.01')]
parent found = Synset('artifact.n.01')


elist = [Synset('abstraction.n.06'), Synset('entity.n.01'), Synset('abstraction.n.06'), Synset('entity.n.01'), Synset('artifact.n.01')]
finding common parent of:: 
s1 = Synset('abstraction.n.06') || s2 = Synset('entity.n.01')
me = common_parent
me = findCommonofList
[Synset('entity.n.01'), Synset('abstraction.n.06')]
[Synset('entity.n.01')]
parent found = Synset('entity.n.01')


finding common parent of:: 
s1 = Synset('abstraction.n.06') || s2 = Synset('entity.n.01')
me = common_parent
me = findCommonofList
[Synset('entity.n.01'), Synset('abstraction.n.06')]
[Synset('entity.n.01')]
parent found = Synset('entity.n.01')


elist = [Synset('entity.n.01'), Synset('entity.n.01'), Synset('artifact.n.01')]
finding common parent of:: 
s1 = Synset('entity.n.01') || s2 = Synset('entity.n.01')
me = common_parent
me = findCommonofList
[Synset('entity.n.01')]
[Synset('entity.n.01')]
parent found = Synset('entity.n.01')


elist = [Synset('entity.n.01'), Synset('artifact.n.01')]
###############################################
len = 2
me = common_parent
me = findCommonofList
[Synset('entity.n.01')]
[Synset('entity.n.01'), Synset('physical_entity.n.01'), Synset('object.n.01'), Synset('whole.n.02'), Synset('artifact.n.01')]
tup before calling ex7= autoimmune
synset len = 0
all synsets :

[]
**********************
len = 0
tup before calling ex7= progesterone
synset len = 1
all synsets :

[Synset('progesterone.n.01')]
**********************
len = 1
tup before calling ex7= head
synset len = 33
all synsets :

[Synset('head.n.01'), Synset('head.n.02'), Synset('mind.n.01'), Synset('head.n.04'), Synset('head.n.05'), Synset('head.n.06'), Synset('head.n.07'), Synset('fountainhead.n.02'), Synset('head.n.09'), Synset('head.n.10'), Synset('head.n.11'), Synset('capitulum.n.01'), Synset('principal.n.02'), Synset('head.n.14'), Synset('head.n.15'), Synset('promontory.n.01'), Synset('head.n.17'), Synset('head.n.18'), Synset('forefront.n.01'), Synset('pass.n.09'), Synset('headway.n.02'), Synset('point.n.20'), Synset('question.n.02'), Synset('heading.n.01'), Synset('head.n.25'), Synset('head.n.26'), Synset('read/write_head.n.01'), Synset('head.n.28'), Synset('head.n.29'), Synset('head.n.30'), Synset('head.n.31'), Synset('drumhead.n.01'), Synset('oral_sex.n.01')]
**********************
finding common parent of:: 
s1 = Synset('head.n.01') || s2 = Synset('head.n.02')
me = common_parent
me = findCommonofList
[Synset('entity.n.01'), Synset('physical_entity.n.01'), Synset('thing.n.12'), Synset('part.n.03'), Synset('body_part.n.01'), Synset('external_body_part.n.01'), Synset('head.n.01')]
[Synset('entity.n.01'), Synset('physical_entity.n.01'), Synset('object.n.01'), Synset('whole.n.02'), Synset('living_thing.n.01'), Synset('organism.n.01'), Synset('animal.n.01'), Synset('domestic_animal.n.01'), Synset('head.n.02')]
parent found = Synset('physical_entity.n.01')


finding common parent of:: 
s1 = Synset('mind.n.01') || s2 = Synset('head.n.04')
me = common_parent
me = findCommonofList
[Synset('entity.n.01'), Synset('abstraction.n.06'), Synset('psychological_feature.n.01'), Synset('cognition.n.01'), Synset('mind.n.01')]
[Synset('entity.n.01'), Synset('physical_entity.n.01'), Synset('object.n.01'), Synset('whole.n.02'), Synset('living_thing.n.01'), Synset('organism.n.01'), Synset('person.n.01'), Synset('leader.n.01'), Synset('head.n.04')]
parent found = Synset('entity.n.01')


finding common parent of:: 
s1 = Synset('head.n.05') || s2 = Synset('head.n.06')
me = common_parent
me = findCommonofList
[Synset('entity.n.01'), Synset('abstraction.n.06'), Synset('group.n.01'), Synset('arrangement.n.02'), Synset('formation.n.01'), Synset('head.n.05')]
[Synset('entity.n.01'), Synset('physical_entity.n.01'), Synset('process.n.06'), Synset('phenomenon.n.01'), Synset('natural_phenomenon.n.01'), Synset('physical_phenomenon.n.01'), Synset('pressure.n.01'), Synset('head.n.06')]
parent found = Synset('entity.n.01')


finding common parent of:: 
s1 = Synset('head.n.07') || s2 = Synset('fountainhead.n.02')
me = common_parent
me = findCommonofList
[Synset('entity.n.01'), Synset('physical_entity.n.01'), Synset('object.n.01'), Synset('location.n.01'), Synset('region.n.01'), Synset('top.n.01'), Synset('head.n.07')]
[Synset('entity.n.01'), Synset('physical_entity.n.01'), Synset('object.n.01'), Synset('location.n.01'), Synset('point.n.02'), Synset('beginning.n.04'), Synset('fountainhead.n.02')]
parent found = Synset('location.n.01')


finding common parent of:: 
s1 = Synset('head.n.09') || s2 = Synset('head.n.10')
me = common_parent
me = findCommonofList
[Synset('entity.n.01'), Synset('abstraction.n.06'), Synset('relation.n.01'), Synset('part.n.01'), Synset('language_unit.n.01'), Synset('word.n.01'), Synset('head.n.09')]
[Synset('entity.n.01'), Synset('abstraction.n.06'), Synset('attribute.n.02'), Synset('shape.n.02'), Synset('solid.n.03'), Synset('convex_shape.n.01'), Synset('point.n.08'), Synset('head.n.10')]
parent found = Synset('abstraction.n.06')


finding common parent of:: 
s1 = Synset('head.n.11') || s2 = Synset('capitulum.n.01')
me = common_parent
me = findCommonofList
[Synset('entity.n.01'), Synset('abstraction.n.06'), Synset('measure.n.02'), Synset('definite_quantity.n.01'), Synset('unit_of_measurement.n.01'), Synset('linear_unit.n.01'), Synset('head.n.11')]
[Synset('entity.n.01'), Synset('physical_entity.n.01'), Synset('object.n.01'), Synset('whole.n.02'), Synset('natural_object.n.01'), Synset('plant_part.n.01'), Synset('plant_organ.n.01'), Synset('capitulum.n.01')]
parent found = Synset('entity.n.01')


finding common parent of:: 
s1 = Synset('principal.n.02') || s2 = Synset('head.n.14')
me = common_parent
me = findCommonofList
[Synset('entity.n.01'), Synset('physical_entity.n.01'), Synset('object.n.01'), Synset('whole.n.02'), Synset('living_thing.n.01'), Synset('organism.n.01'), Synset('person.n.01'), Synset('adult.n.01'), Synset('professional.n.01'), Synset('educator.n.01'), Synset('principal.n.02')]
[Synset('entity.n.01'), Synset('physical_entity.n.01'), Synset('object.n.01'), Synset('whole.n.02'), Synset('living_thing.n.01'), Synset('organism.n.01'), Synset('individual.n.02'), Synset('head.n.14')]
parent found = Synset('organism.n.01')


finding common parent of:: 
s1 = Synset('head.n.15') || s2 = Synset('promontory.n.01')
me = common_parent
me = findCommonofList
[Synset('entity.n.01'), Synset('physical_entity.n.01'), Synset('object.n.01'), Synset('whole.n.02'), Synset('living_thing.n.01'), Synset('organism.n.01'), Synset('person.n.01'), Synset('drug_user.n.01'), Synset('head.n.15')]
[Synset('entity.n.01'), Synset('physical_entity.n.01'), Synset('object.n.01'), Synset('geological_formation.n.01'), Synset('natural_elevation.n.01'), Synset('promontory.n.01')]
parent found = Synset('object.n.01')


finding common parent of:: 
s1 = Synset('head.n.17') || s2 = Synset('head.n.18')
me = common_parent
me = findCommonofList
[Synset('entity.n.01'), Synset('physical_entity.n.01'), Synset('object.n.01'), Synset('head.n.17')]
[Synset('entity.n.01'), Synset('abstraction.n.06'), Synset('attribute.n.02'), Synset('shape.n.02'), Synset('round_shape.n.01'), Synset('sphere.n.05'), Synset('ball.n.03'), Synset('globule.n.01'), Synset('bubble.n.01'), Synset('foam.n.01'), Synset('head.n.18')]
parent found = Synset('entity.n.01')


finding common parent of:: 
s1 = Synset('forefront.n.01') || s2 = Synset('pass.n.09')
me = common_parent
me = findCommonofList
[Synset('entity.n.01'), Synset('physical_entity.n.01'), Synset('object.n.01'), Synset('location.n.01'), Synset('region.n.01'), Synset('extremity.n.04'), Synset('boundary.n.01'), Synset('surface.n.02'), Synset('side.n.04'), Synset('front.n.01'), Synset('forefront.n.01')]
[Synset('entity.n.01'), Synset('abstraction.n.06'), Synset('psychological_feature.n.01'), Synset('event.n.01'), Synset('happening.n.01'), Synset('juncture.n.01'), Synset('pass.n.09')]
parent found = Synset('entity.n.01')


finding common parent of:: 
s1 = Synset('headway.n.02') || s2 = Synset('point.n.20')
me = common_parent
me = findCommonofList
[Synset('entity.n.01'), Synset('abstraction.n.06'), Synset('psychological_feature.n.01'), Synset('event.n.01'), Synset('happening.n.01'), Synset('movement.n.03'), Synset('change_of_location.n.01'), Synset('progress.n.03'), Synset('headway.n.02')]
[Synset('entity.n.01'), Synset('abstraction.n.06'), Synset('communication.n.02'), Synset('signal.n.01'), Synset('symbol.n.01'), Synset('written_symbol.n.01'), Synset('mark.n.10'), Synset('point.n.20')]
parent found = Synset('abstraction.n.06')


finding common parent of:: 
s1 = Synset('question.n.02') || s2 = Synset('heading.n.01')
me = common_parent
me = findCommonofList
[Synset('entity.n.01'), Synset('abstraction.n.06'), Synset('communication.n.02'), Synset('message.n.02'), Synset('subject.n.01'), Synset('question.n.02')]
[Synset('entity.n.01'), Synset('abstraction.n.06'), Synset('communication.n.02'), Synset('written_communication.n.01'), Synset('writing.n.02'), Synset('matter.n.06'), Synset('text.n.01'), Synset('line.n.05'), Synset('heading.n.01')]
parent found = Synset('communication.n.02')


finding common parent of:: 
s1 = Synset('head.n.25') || s2 = Synset('head.n.26')
me = common_parent
me = findCommonofList
[Synset('entity.n.01'), Synset('physical_entity.n.01'), Synset('thing.n.12'), Synset('part.n.03'), Synset('body_part.n.01'), Synset('structure.n.04'), Synset('head.n.25')]
[Synset('entity.n.01'), Synset('physical_entity.n.01'), Synset('thing.n.12'), Synset('part.n.03'), Synset('body_part.n.01'), Synset('structure.n.04'), Synset('head.n.26')]
parent found = Synset('structure.n.04')


finding common parent of:: 
s1 = Synset('read/write_head.n.01') || s2 = Synset('head.n.28')
me = common_parent
me = findCommonofList
[Synset('entity.n.01'), Synset('physical_entity.n.01'), Synset('object.n.01'), Synset('whole.n.02'), Synset('artifact.n.01'), Synset('instrumentality.n.03'), Synset('device.n.01'), Synset('electrical_device.n.01'), Synset('reactor.n.01'), Synset('coil.n.06'), Synset('read/write_head.n.01')]
[Synset('entity.n.01'), Synset('physical_entity.n.01'), Synset('object.n.01'), Synset('whole.n.02'), Synset('artifact.n.01'), Synset('surface.n.01'), Synset('side.n.05'), Synset('obverse.n.02'), Synset('head.n.28')]
parent found = Synset('artifact.n.01')


finding common parent of:: 
s1 = Synset('head.n.29') || s2 = Synset('head.n.30')
me = common_parent
me = findCommonofList
[Synset('entity.n.01'), Synset('physical_entity.n.01'), Synset('object.n.01'), Synset('whole.n.02'), Synset('artifact.n.01'), Synset('instrumentality.n.03'), Synset('device.n.01'), Synset('mechanism.n.05'), Synset('mechanical_device.n.01'), Synset('striker.n.05'), Synset('head.n.29')]
[Synset('entity.n.01'), Synset('physical_entity.n.01'), Synset('object.n.01'), Synset('whole.n.02'), Synset('artifact.n.01'), Synset('structure.n.01'), Synset('area.n.05'), Synset('room.n.01'), Synset('toilet.n.01'), Synset('head.n.30')]
parent found = Synset('artifact.n.01')


finding common parent of:: 
s1 = Synset('head.n.31') || s2 = Synset('drumhead.n.01')
me = common_parent
me = findCommonofList
[Synset('entity.n.01'), Synset('physical_entity.n.01'), Synset('object.n.01'), Synset('whole.n.02'), Synset('artifact.n.01'), Synset('structure.n.01'), Synset('projection.n.04'), Synset('head.n.31')]
[Synset('entity.n.01'), Synset('physical_entity.n.01'), Synset('object.n.01'), Synset('whole.n.02'), Synset('artifact.n.01'), Synset('sheet.n.06'), Synset('membrane.n.01'), Synset('drumhead.n.01')]
parent found = Synset('artifact.n.01')


elist = [Synset('physical_entity.n.01'), Synset('entity.n.01'), Synset('entity.n.01'), Synset('location.n.01'), Synset('abstraction.n.06'), Synset('entity.n.01'), Synset('organism.n.01'), Synset('object.n.01'), Synset('entity.n.01'), Synset('entity.n.01'), Synset('abstraction.n.06'), Synset('communication.n.02'), Synset('structure.n.04'), Synset('artifact.n.01'), Synset('artifact.n.01'), Synset('artifact.n.01'), Synset('oral_sex.n.01')]
finding common parent of:: 
s1 = Synset('physical_entity.n.01') || s2 = Synset('entity.n.01')
me = common_parent
me = findCommonofList
[Synset('entity.n.01'), Synset('physical_entity.n.01')]
[Synset('entity.n.01')]
parent found = Synset('entity.n.01')


finding common parent of:: 
s1 = Synset('entity.n.01') || s2 = Synset('location.n.01')
me = common_parent
me = findCommonofList
[Synset('entity.n.01')]
[Synset('entity.n.01'), Synset('physical_entity.n.01'), Synset('object.n.01'), Synset('location.n.01')]
parent found = Synset('entity.n.01')


finding common parent of:: 
s1 = Synset('abstraction.n.06') || s2 = Synset('entity.n.01')
me = common_parent
me = findCommonofList
[Synset('entity.n.01'), Synset('abstraction.n.06')]
[Synset('entity.n.01')]
parent found = Synset('entity.n.01')


finding common parent of:: 
s1 = Synset('organism.n.01') || s2 = Synset('object.n.01')
me = common_parent
me = findCommonofList
[Synset('entity.n.01'), Synset('physical_entity.n.01'), Synset('object.n.01'), Synset('whole.n.02'), Synset('living_thing.n.01'), Synset('organism.n.01')]
[Synset('entity.n.01'), Synset('physical_entity.n.01'), Synset('object.n.01')]
parent found = Synset('object.n.01')


finding common parent of:: 
s1 = Synset('entity.n.01') || s2 = Synset('entity.n.01')
me = common_parent
me = findCommonofList
[Synset('entity.n.01')]
[Synset('entity.n.01')]
parent found = Synset('entity.n.01')


finding common parent of:: 
s1 = Synset('abstraction.n.06') || s2 = Synset('communication.n.02')
me = common_parent
me = findCommonofList
[Synset('entity.n.01'), Synset('abstraction.n.06')]
[Synset('entity.n.01'), Synset('abstraction.n.06'), Synset('communication.n.02')]
parent found = Synset('abstraction.n.06')


finding common parent of:: 
s1 = Synset('structure.n.04') || s2 = Synset('artifact.n.01')
me = common_parent
me = findCommonofList
[Synset('entity.n.01'), Synset('physical_entity.n.01'), Synset('thing.n.12'), Synset('part.n.03'), Synset('body_part.n.01'), Synset('structure.n.04')]
[Synset('entity.n.01'), Synset('physical_entity.n.01'), Synset('object.n.01'), Synset('whole.n.02'), Synset('artifact.n.01')]
parent found = Synset('physical_entity.n.01')


finding common parent of:: 
s1 = Synset('artifact.n.01') || s2 = Synset('artifact.n.01')
me = common_parent
me = findCommonofList
[Synset('entity.n.01'), Synset('physical_entity.n.01'), Synset('object.n.01'), Synset('whole.n.02'), Synset('artifact.n.01')]
[Synset('entity.n.01'), Synset('physical_entity.n.01'), Synset('object.n.01'), Synset('whole.n.02'), Synset('artifact.n.01')]
parent found = Synset('artifact.n.01')


elist = [Synset('entity.n.01'), Synset('entity.n.01'), Synset('entity.n.01'), Synset('object.n.01'), Synset('entity.n.01'), Synset('abstraction.n.06'), Synset('physical_entity.n.01'), Synset('artifact.n.01'), Synset('oral_sex.n.01')]
finding common parent of:: 
s1 = Synset('entity.n.01') || s2 = Synset('entity.n.01')
me = common_parent
me = findCommonofList
[Synset('entity.n.01')]
[Synset('entity.n.01')]
parent found = Synset('entity.n.01')


finding common parent of:: 
s1 = Synset('entity.n.01') || s2 = Synset('object.n.01')
me = common_parent
me = findCommonofList
[Synset('entity.n.01')]
[Synset('entity.n.01'), Synset('physical_entity.n.01'), Synset('object.n.01')]
parent found = Synset('entity.n.01')


finding common parent of:: 
s1 = Synset('entity.n.01') || s2 = Synset('abstraction.n.06')
me = common_parent
me = findCommonofList
[Synset('entity.n.01')]
[Synset('entity.n.01'), Synset('abstraction.n.06')]
parent found = Synset('entity.n.01')


finding common parent of:: 
s1 = Synset('physical_entity.n.01') || s2 = Synset('artifact.n.01')
me = common_parent
me = findCommonofList
[Synset('entity.n.01'), Synset('physical_entity.n.01')]
[Synset('entity.n.01'), Synset('physical_entity.n.01'), Synset('object.n.01'), Synset('whole.n.02'), Synset('artifact.n.01')]
parent found = Synset('physical_entity.n.01')


elist = [Synset('entity.n.01'), Synset('entity.n.01'), Synset('entity.n.01'), Synset('physical_entity.n.01'), Synset('oral_sex.n.01')]
finding common parent of:: 
s1 = Synset('entity.n.01') || s2 = Synset('entity.n.01')
me = common_parent
me = findCommonofList
[Synset('entity.n.01')]
[Synset('entity.n.01')]
parent found = Synset('entity.n.01')


finding common parent of:: 
s1 = Synset('entity.n.01') || s2 = Synset('physical_entity.n.01')
me = common_parent
me = findCommonofList
[Synset('entity.n.01')]
[Synset('entity.n.01'), Synset('physical_entity.n.01')]
parent found = Synset('entity.n.01')


elist = [Synset('entity.n.01'), Synset('entity.n.01'), Synset('oral_sex.n.01')]
finding common parent of:: 
s1 = Synset('entity.n.01') || s2 = Synset('entity.n.01')
me = common_parent
me = findCommonofList
[Synset('entity.n.01')]
[Synset('entity.n.01')]
parent found = Synset('entity.n.01')


elist = [Synset('entity.n.01'), Synset('oral_sex.n.01')]
###############################################
len = 2
me = common_parent
me = findCommonofList
[Synset('entity.n.01')]
[Synset('entity.n.01'), Synset('physical_entity.n.01'), Synset('process.n.06'), Synset('organic_process.n.01'), Synset('bodily_process.n.01'), Synset('sexual_activity.n.01'), Synset('perversion.n.02'), Synset('oral_sex.n.01')]
tup before calling ex7= rest
synset len = 7
all synsets :

[Synset('remainder.n.01'), Synset('rest.n.02'), Synset('respite.n.04'), Synset('rest.n.04'), Synset('rest.n.05'), Synset('rest.n.06'), Synset('rest.n.07')]
**********************
finding common parent of:: 
s1 = Synset('remainder.n.01') || s2 = Synset('rest.n.02')
me = common_parent
me = findCommonofList
[Synset('entity.n.01'), Synset('abstraction.n.06'), Synset('relation.n.01'), Synset('part.n.01'), Synset('remainder.n.01')]
[Synset('entity.n.01'), Synset('abstraction.n.06'), Synset('psychological_feature.n.01'), Synset('event.n.01'), Synset('act.n.02'), Synset('inactivity.n.03'), Synset('rest.n.02')]
parent found = Synset('abstraction.n.06')


finding common parent of:: 
s1 = Synset('respite.n.04') || s2 = Synset('rest.n.04')
me = common_parent
me = findCommonofList
[Synset('entity.n.01'), Synset('abstraction.n.06'), Synset('measure.n.02'), Synset('time_interval.n.01'), Synset('pause.n.01'), Synset('respite.n.04')]
[Synset('entity.n.01'), Synset('abstraction.n.06'), Synset('attribute.n.02'), Synset('state.n.02'), Synset('inaction.n.01'), Synset('rest.n.04')]
parent found = Synset('abstraction.n.06')


finding common parent of:: 
s1 = Synset('rest.n.05') || s2 = Synset('rest.n.06')
me = common_parent
me = findCommonofList
[Synset('entity.n.01'), Synset('abstraction.n.06'), Synset('attribute.n.02'), Synset('state.n.02'), Synset('death.n.03'), Synset('rest.n.05')]
[Synset('entity.n.01'), Synset('physical_entity.n.01'), Synset('object.n.01'), Synset('whole.n.02'), Synset('artifact.n.01'), Synset('instrumentality.n.03'), Synset('device.n.01'), Synset('support.n.10'), Synset('rest.n.06')]
parent found = Synset('entity.n.01')


elist = [Synset('abstraction.n.06'), Synset('abstraction.n.06'), Synset('entity.n.01'), Synset('rest.n.07')]
finding common parent of:: 
s1 = Synset('abstraction.n.06') || s2 = Synset('abstraction.n.06')
me = common_parent
me = findCommonofList
[Synset('entity.n.01'), Synset('abstraction.n.06')]
[Synset('entity.n.01'), Synset('abstraction.n.06')]
parent found = Synset('abstraction.n.06')


finding common parent of:: 
s1 = Synset('entity.n.01') || s2 = Synset('rest.n.07')
me = common_parent
me = findCommonofList
[Synset('entity.n.01')]
[Synset('entity.n.01'), Synset('abstraction.n.06'), Synset('communication.n.02'), Synset('written_communication.n.01'), Synset('writing.n.04'), Synset('notation.n.01'), Synset('musical_notation.n.01'), Synset('rest.n.07')]
parent found = Synset('entity.n.01')


elist = [Synset('abstraction.n.06'), Synset('entity.n.01')]
###############################################
len = 2
me = common_parent
me = findCommonofList
[Synset('entity.n.01'), Synset('abstraction.n.06')]
[Synset('entity.n.01')]
tup before calling ex7= wrist
synset len = 1
all synsets :

[Synset('wrist.n.01')]
**********************
len = 1
tup before calling ex7= support
synset len = 11
all synsets :

[Synset('support.n.01'), Synset('support.n.02'), Synset('support.n.03'), Synset('support.n.04'), Synset('documentation.n.03'), Synset('support.n.06'), Synset('support.n.07'), Synset('support.n.08'), Synset('accompaniment.n.02'), Synset('support.n.10'), Synset('support.n.11')]
**********************
finding common parent of:: 
s1 = Synset('support.n.01') || s2 = Synset('support.n.02')
me = common_parent
me = findCommonofList
[Synset('entity.n.01'), Synset('abstraction.n.06'), Synset('psychological_feature.n.01'), Synset('event.n.01'), Synset('act.n.02'), Synset('activity.n.01'), Synset('support.n.01')]
[Synset('entity.n.01'), Synset('abstraction.n.06'), Synset('psychological_feature.n.01'), Synset('event.n.01'), Synset('act.n.02'), Synset('activity.n.01'), Synset('aid.n.02'), Synset('support.n.02')]
parent found = Synset('activity.n.01')


finding common parent of:: 
s1 = Synset('support.n.03') || s2 = Synset('support.n.04')
me = common_parent
me = findCommonofList
[Synset('entity.n.01'), Synset('abstraction.n.06'), Synset('psychological_feature.n.01'), Synset('cognition.n.01'), Synset('cognitive_factor.n.01'), Synset('determinant.n.01'), Synset('influence.n.03'), Synset('support.n.03')]
[Synset('entity.n.01'), Synset('abstraction.n.06'), Synset('psychological_feature.n.01'), Synset('event.n.01'), Synset('act.n.02'), Synset('activity.n.01'), Synset('operation.n.05'), Synset('support.n.04')]
parent found = Synset('psychological_feature.n.01')


finding common parent of:: 
s1 = Synset('documentation.n.03') || s2 = Synset('support.n.06')
me = common_parent
me = findCommonofList
[Synset('entity.n.01'), Synset('abstraction.n.06'), Synset('psychological_feature.n.01'), Synset('event.n.01'), Synset('act.n.02'), Synset('discovery.n.01'), Synset('determination.n.01'), Synset('validation.n.01'), Synset('documentation.n.03')]
[Synset('entity.n.01'), Synset('abstraction.n.06'), Synset('relation.n.01'), Synset('possession.n.02'), Synset('assets.n.01'), Synset('resource.n.01'), Synset('support.n.06')]
parent found = Synset('abstraction.n.06')


finding common parent of:: 
s1 = Synset('support.n.07') || s2 = Synset('support.n.08')
me = common_parent
me = findCommonofList
[Synset('entity.n.01'), Synset('physical_entity.n.01'), Synset('object.n.01'), Synset('whole.n.02'), Synset('artifact.n.01'), Synset('structure.n.01'), Synset('supporting_structure.n.01'), Synset('support.n.07')]
[Synset('entity.n.01'), Synset('abstraction.n.06'), Synset('psychological_feature.n.01'), Synset('event.n.01'), Synset('act.n.02'), Synset('activity.n.01'), Synset('support.n.08')]
parent found = Synset('entity.n.01')


finding common parent of:: 
s1 = Synset('accompaniment.n.02') || s2 = Synset('support.n.10')
me = common_parent
me = findCommonofList
[Synset('entity.n.01'), Synset('abstraction.n.06'), Synset('communication.n.02'), Synset('auditory_communication.n.01'), Synset('music.n.01'), Synset('tune.n.01'), Synset('part.n.11'), Synset('accompaniment.n.02')]
[Synset('entity.n.01'), Synset('physical_entity.n.01'), Synset('object.n.01'), Synset('whole.n.02'), Synset('artifact.n.01'), Synset('instrumentality.n.03'), Synset('device.n.01'), Synset('support.n.10')]
parent found = Synset('entity.n.01')


elist = [Synset('activity.n.01'), Synset('psychological_feature.n.01'), Synset('abstraction.n.06'), Synset('entity.n.01'), Synset('entity.n.01'), Synset('support.n.11')]
finding common parent of:: 
s1 = Synset('activity.n.01') || s2 = Synset('psychological_feature.n.01')
me = common_parent
me = findCommonofList
[Synset('entity.n.01'), Synset('abstraction.n.06'), Synset('psychological_feature.n.01'), Synset('event.n.01'), Synset('act.n.02'), Synset('activity.n.01')]
[Synset('entity.n.01'), Synset('abstraction.n.06'), Synset('psychological_feature.n.01')]
parent found = Synset('psychological_feature.n.01')


finding common parent of:: 
s1 = Synset('abstraction.n.06') || s2 = Synset('entity.n.01')
me = common_parent
me = findCommonofList
[Synset('entity.n.01'), Synset('abstraction.n.06')]
[Synset('entity.n.01')]
parent found = Synset('entity.n.01')


finding common parent of:: 
s1 = Synset('entity.n.01') || s2 = Synset('support.n.11')
me = common_parent
me = findCommonofList
[Synset('entity.n.01')]
[Synset('entity.n.01'), Synset('abstraction.n.06'), Synset('relation.n.01'), Synset('possession.n.02'), Synset('assets.n.01'), Synset('resource.n.01'), Synset('support.n.11')]
parent found = Synset('entity.n.01')


elist = [Synset('psychological_feature.n.01'), Synset('entity.n.01'), Synset('entity.n.01')]
finding common parent of:: 
s1 = Synset('psychological_feature.n.01') || s2 = Synset('entity.n.01')
me = common_parent
me = findCommonofList
[Synset('entity.n.01'), Synset('abstraction.n.06'), Synset('psychological_feature.n.01')]
[Synset('entity.n.01')]
parent found = Synset('entity.n.01')


elist = [Synset('entity.n.01'), Synset('entity.n.01')]
###############################################
len = 2
me = common_parent
me = findCommonofList
[Synset('entity.n.01')]
[Synset('entity.n.01')]
tup before calling ex7= space
synset len = 9
all synsets :

[Synset('space.n.01'), Synset('space.n.02'), Synset('space.n.03'), Synset('outer_space.n.01'), Synset('space.n.05'), Synset('distance.n.05'), Synset('space.n.07'), Synset('space.n.08'), Synset('quad.n.03')]
**********************
finding common parent of:: 
s1 = Synset('space.n.01') || s2 = Synset('space.n.02')
me = common_parent
me = findCommonofList
[Synset('entity.n.01'), Synset('abstraction.n.06'), Synset('attribute.n.02'), Synset('space.n.01')]
[Synset('entity.n.01'), Synset('abstraction.n.06'), Synset('attribute.n.02'), Synset('shape.n.02'), Synset('amorphous_shape.n.01'), Synset('space.n.02')]
parent found = Synset('attribute.n.02')


finding common parent of:: 
s1 = Synset('space.n.03') || s2 = Synset('outer_space.n.01')
me = common_parent
me = findCommonofList
[Synset('entity.n.01'), Synset('physical_entity.n.01'), Synset('object.n.01'), Synset('location.n.01'), Synset('region.n.03'), Synset('area.n.01'), Synset('space.n.03')]
[Synset('entity.n.01'), Synset('abstraction.n.06'), Synset('attribute.n.02'), Synset('space.n.01'), Synset('outer_space.n.01')]
parent found = Synset('entity.n.01')


finding common parent of:: 
s1 = Synset('space.n.05') || s2 = Synset('distance.n.05')
me = common_parent
me = findCommonofList
[Synset('entity.n.01'), Synset('abstraction.n.06'), Synset('communication.n.02'), Synset('signal.n.01'), Synset('symbol.n.01'), Synset('written_symbol.n.01'), Synset('character.n.08'), Synset('space.n.05')]
[Synset('entity.n.01'), Synset('abstraction.n.06'), Synset('measure.n.02'), Synset('time_interval.n.01'), Synset('distance.n.05')]
parent found = Synset('abstraction.n.06')


finding common parent of:: 
s1 = Synset('space.n.07') || s2 = Synset('space.n.08')
me = common_parent
me = findCommonofList
[Synset('entity.n.01'), Synset('abstraction.n.06'), Synset('attribute.n.02'), Synset('property.n.02'), Synset('magnitude.n.01'), Synset('extent.n.02'), Synset('area.n.06'), Synset('space.n.07')]
[Synset('entity.n.01'), Synset('abstraction.n.06'), Synset('attribute.n.02'), Synset('property.n.02'), Synset('magnitude.n.01'), Synset('extent.n.02'), Synset('area.n.06'), Synset('space.n.08')]
parent found = Synset('area.n.06')


elist = [Synset('attribute.n.02'), Synset('entity.n.01'), Synset('abstraction.n.06'), Synset('area.n.06'), Synset('quad.n.03')]
finding common parent of:: 
s1 = Synset('attribute.n.02') || s2 = Synset('entity.n.01')
me = common_parent
me = findCommonofList
[Synset('entity.n.01'), Synset('abstraction.n.06'), Synset('attribute.n.02')]
[Synset('entity.n.01')]
parent found = Synset('entity.n.01')


finding common parent of:: 
s1 = Synset('abstraction.n.06') || s2 = Synset('area.n.06')
me = common_parent
me = findCommonofList
[Synset('entity.n.01'), Synset('abstraction.n.06')]
[Synset('entity.n.01'), Synset('abstraction.n.06'), Synset('attribute.n.02'), Synset('property.n.02'), Synset('magnitude.n.01'), Synset('extent.n.02'), Synset('area.n.06')]
parent found = Synset('abstraction.n.06')


elist = [Synset('entity.n.01'), Synset('abstraction.n.06'), Synset('quad.n.03')]
finding common parent of:: 
s1 = Synset('entity.n.01') || s2 = Synset('abstraction.n.06')
me = common_parent
me = findCommonofList
[Synset('entity.n.01')]
[Synset('entity.n.01'), Synset('abstraction.n.06')]
parent found = Synset('entity.n.01')


elist = [Synset('entity.n.01'), Synset('quad.n.03')]
###############################################
len = 2
me = common_parent
me = findCommonofList
[Synset('entity.n.01')]
[Synset('entity.n.01'), Synset('physical_entity.n.01'), Synset('object.n.01'), Synset('whole.n.02'), Synset('artifact.n.01'), Synset('block.n.01'), Synset('type.n.06'), Synset('quad.n.03')]
tup before calling ex7= drainage
synset len = 1
all synsets :

[Synset('drain.n.01')]
**********************
len = 1
tup before calling ex7= irrigation
synset len = 2
all synsets :

[Synset('irrigation.n.01'), Synset('irrigation.n.02')]
**********************
len = 2
API CALL [Synset('activity.n.01')]
me = common_parent
me = findCommonofList
[Synset('entity.n.01'), Synset('abstraction.n.06'), Synset('psychological_feature.n.01'), Synset('event.n.01'), Synset('act.n.02'), Synset('activity.n.01'), Synset('provision.n.02'), Synset('irrigation.n.01')]
[Synset('entity.n.01'), Synset('abstraction.n.06'), Synset('psychological_feature.n.01'), Synset('event.n.01'), Synset('act.n.02'), Synset('activity.n.01'), Synset('work.n.01'), Synset('care.n.01'), Synset('treatment.n.01'), Synset('medical_care.n.01'), Synset('irrigation.n.02')]
my parent = Synset('activity.n.01')
tup before calling ex7= worse
synset len = 1
all synsets :

[Synset('worse.n.01')]
**********************
len = 1
tup before calling ex7= progress
synset len = 3
all synsets :

[Synset('advancement.n.03'), Synset('progress.n.02'), Synset('progress.n.03')]
**********************
finding common parent of:: 
s1 = Synset('advancement.n.03') || s2 = Synset('progress.n.02')
me = common_parent
me = findCommonofList
[Synset('entity.n.01'), Synset('abstraction.n.06'), Synset('psychological_feature.n.01'), Synset('event.n.01'), Synset('act.n.02'), Synset('action.n.01'), Synset('change.n.03'), Synset('change_of_state.n.01'), Synset('improvement.n.02'), Synset('development.n.01'), Synset('advancement.n.03')]
[Synset('entity.n.01'), Synset('abstraction.n.06'), Synset('psychological_feature.n.01'), Synset('event.n.01'), Synset('act.n.02'), Synset('action.n.01'), Synset('change.n.03'), Synset('motion.n.06'), Synset('progress.n.02')]
parent found = Synset('change.n.03')


elist = [Synset('change.n.03'), Synset('progress.n.03')]
###############################################
len = 2
me = common_parent
me = findCommonofList
[Synset('entity.n.01'), Synset('abstraction.n.06'), Synset('psychological_feature.n.01'), Synset('event.n.01'), Synset('act.n.02'), Synset('action.n.01'), Synset('change.n.03')]
[Synset('entity.n.01'), Synset('abstraction.n.06'), Synset('psychological_feature.n.01'), Synset('event.n.01'), Synset('happening.n.01'), Synset('movement.n.03'), Synset('change_of_location.n.01'), Synset('progress.n.03')]
tup before calling ex7= equality
synset len = 2
all synsets :

[Synset('equality.n.01'), Synset('equality.n.02')]
**********************
len = 2
API CALL [Synset('attribute.n.02')]
me = common_parent
me = findCommonofList
[Synset('entity.n.01'), Synset('abstraction.n.06'), Synset('attribute.n.02'), Synset('quality.n.01'), Synset('sameness.n.01'), Synset('equality.n.01')]
[Synset('entity.n.01'), Synset('abstraction.n.06'), Synset('attribute.n.02'), Synset('state.n.02'), Synset('status.n.01'), Synset('equality.n.02')]
my parent = Synset('attribute.n.02')
tup before calling ex7= opportunity
synset len = 1
all synsets :

[Synset('opportunity.n.01')]
**********************
len = 1
tup before calling ex7= problem
synset len = 3
all synsets :

[Synset('problem.n.01'), Synset('problem.n.02'), Synset('trouble.n.01')]
**********************
finding common parent of:: 
s1 = Synset('problem.n.01') || s2 = Synset('problem.n.02')
me = common_parent
me = findCommonofList
[Synset('entity.n.01'), Synset('abstraction.n.06'), Synset('attribute.n.02'), Synset('state.n.02'), Synset('condition.n.01'), Synset('difficulty.n.03'), Synset('problem.n.01')]
[Synset('entity.n.01'), Synset('abstraction.n.06'), Synset('communication.n.02'), Synset('message.n.02'), Synset('subject.n.01'), Synset('question.n.02'), Synset('problem.n.02')]
parent found = Synset('abstraction.n.06')


elist = [Synset('abstraction.n.06'), Synset('trouble.n.01')]
###############################################
len = 2
me = common_parent
me = findCommonofList
[Synset('entity.n.01'), Synset('abstraction.n.06')]
[Synset('entity.n.01'), Synset('abstraction.n.06'), Synset('psychological_feature.n.01'), Synset('cognition.n.01'), Synset('cognitive_factor.n.01'), Synset('difficulty.n.02'), Synset('trouble.n.01')]
tup before calling ex7= result
synset len = 4
all synsets :

[Synset('consequence.n.01'), Synset('solution.n.02'), Synset('result.n.03'), Synset('resultant_role.n.01')]
**********************
finding common parent of:: 
s1 = Synset('consequence.n.01') || s2 = Synset('solution.n.02')
me = common_parent
me = findCommonofList
[Synset('entity.n.01'), Synset('physical_entity.n.01'), Synset('process.n.06'), Synset('phenomenon.n.01'), Synset('consequence.n.01')]
[Synset('entity.n.01'), Synset('abstraction.n.06'), Synset('communication.n.02'), Synset('message.n.02'), Synset('statement.n.01'), Synset('solution.n.02')]
parent found = Synset('entity.n.01')


finding common parent of:: 
s1 = Synset('result.n.03') || s2 = Synset('resultant_role.n.01')
me = common_parent
me = findCommonofList
[Synset('entity.n.01'), Synset('abstraction.n.06'), Synset('psychological_feature.n.01'), Synset('event.n.01'), Synset('happening.n.01'), Synset('ending.n.04'), Synset('result.n.03')]
[Synset('entity.n.01'), Synset('abstraction.n.06'), Synset('group.n.01'), Synset('collection.n.01'), Synset('class.n.01'), Synset('grammatical_category.n.01'), Synset('semantic_role.n.01'), Synset('resultant_role.n.01')]
parent found = Synset('abstraction.n.06')


elist = [Synset('entity.n.01'), Synset('abstraction.n.06')]
###############################################
len = 2
me = common_parent
me = findCommonofList
[Synset('entity.n.01')]
[Synset('entity.n.01'), Synset('abstraction.n.06')]
tup before calling ex7= fall
synset len = 12
all synsets :

[Synset('fall.n.01'), Synset('spill.n.04'), Synset('fall.n.03'), Synset('descent.n.05'), Synset('fall.n.05'), Synset('fall.n.06'), Synset('fall.n.07'), Synset('capitulation.n.03'), Synset('twilight.n.01'), Synset('fall.n.10'), Synset('drop.n.06'), Synset('drop.n.03')]
**********************
finding common parent of:: 
s1 = Synset('fall.n.01') || s2 = Synset('spill.n.04')
me = common_parent
me = findCommonofList
[Synset('entity.n.01'), Synset('abstraction.n.06'), Synset('measure.n.02'), Synset('fundamental_quantity.n.01'), Synset('time_period.n.01'), Synset('season.n.02'), Synset('fall.n.01')]
[Synset('entity.n.01'), Synset('abstraction.n.06'), Synset('psychological_feature.n.01'), Synset('event.n.01'), Synset('happening.n.01'), Synset('trouble.n.03'), Synset('misfortune.n.01'), Synset('mishap.n.02'), Synset('slip.n.07'), Synset('spill.n.04')]
parent found = Synset('abstraction.n.06')


finding common parent of:: 
s1 = Synset('fall.n.03') || s2 = Synset('descent.n.05')
me = common_parent
me = findCommonofList
[Synset('entity.n.01'), Synset('abstraction.n.06'), Synset('psychological_feature.n.01'), Synset('event.n.01'), Synset('fall.n.03')]
[Synset('entity.n.01'), Synset('physical_entity.n.01'), Synset('object.n.01'), Synset('geological_formation.n.01'), Synset('slope.n.01'), Synset('descent.n.05')]
parent found = Synset('entity.n.01')


finding common parent of:: 
s1 = Synset('fall.n.05') || s2 = Synset('fall.n.06')
me = common_parent
me = findCommonofList
[Synset('entity.n.01'), Synset('abstraction.n.06'), Synset('psychological_feature.n.01'), Synset('event.n.01'), Synset('act.n.02'), Synset('activity.n.01'), Synset('wrongdoing.n.02'), Synset('transgression.n.01'), Synset('sin.n.02'), Synset('fall.n.05')]
[Synset('entity.n.01'), Synset('abstraction.n.06'), Synset('psychological_feature.n.01'), Synset('event.n.01'), Synset('happening.n.01'), Synset('change.n.01'), Synset('transformation.n.01'), Synset('weakening.n.01'), Synset('fall.n.06')]
parent found = Synset('event.n.01')


finding common parent of:: 
s1 = Synset('fall.n.07') || s2 = Synset('capitulation.n.03')
me = common_parent
me = findCommonofList
[Synset('entity.n.01'), Synset('abstraction.n.06'), Synset('psychological_feature.n.01'), Synset('event.n.01'), Synset('happening.n.01'), Synset('movement.n.03'), Synset('change_of_location.n.01'), Synset('fall.n.07')]
[Synset('entity.n.01'), Synset('abstraction.n.06'), Synset('psychological_feature.n.01'), Synset('event.n.01'), Synset('act.n.02'), Synset('nonaccomplishment.n.01'), Synset('failure.n.01'), Synset('loss.n.03'), Synset('capitulation.n.03')]
parent found = Synset('event.n.01')


finding common parent of:: 
s1 = Synset('twilight.n.01') || s2 = Synset('fall.n.10')
me = common_parent
me = findCommonofList
[Synset('entity.n.01'), Synset('abstraction.n.06'), Synset('psychological_feature.n.01'), Synset('cognition.n.01'), Synset('information.n.02'), Synset('datum.n.01'), Synset('reading.n.03'), Synset('clock_time.n.01'), Synset('hour.n.02'), Synset('twilight.n.01')]
[Synset('entity.n.01'), Synset('abstraction.n.06'), Synset('psychological_feature.n.01'), Synset('event.n.01'), Synset('happening.n.01'), Synset('ending.n.04'), Synset('victory.n.01'), Synset('fall.n.10')]
parent found = Synset('psychological_feature.n.01')


finding common parent of:: 
s1 = Synset('drop.n.06') || s2 = Synset('drop.n.03')
me = common_parent
me = findCommonofList
[Synset('entity.n.01'), Synset('abstraction.n.06'), Synset('psychological_feature.n.01'), Synset('event.n.01'), Synset('happening.n.01'), Synset('movement.n.03'), Synset('change_of_location.n.01'), Synset('gravitation.n.02'), Synset('drop.n.06')]
[Synset('entity.n.01'), Synset('abstraction.n.06'), Synset('attribute.n.02'), Synset('property.n.02'), Synset('magnitude.n.01'), Synset('amount.n.02'), Synset('decrease.n.03'), Synset('drop.n.03')]
parent found = Synset('abstraction.n.06')


elist = [Synset('abstraction.n.06'), Synset('entity.n.01'), Synset('event.n.01'), Synset('event.n.01'), Synset('psychological_feature.n.01'), Synset('abstraction.n.06')]
finding common parent of:: 
s1 = Synset('abstraction.n.06') || s2 = Synset('entity.n.01')
me = common_parent
me = findCommonofList
[Synset('entity.n.01'), Synset('abstraction.n.06')]
[Synset('entity.n.01')]
parent found = Synset('entity.n.01')


finding common parent of:: 
s1 = Synset('event.n.01') || s2 = Synset('event.n.01')
me = common_parent
me = findCommonofList
[Synset('entity.n.01'), Synset('abstraction.n.06'), Synset('psychological_feature.n.01'), Synset('event.n.01')]
[Synset('entity.n.01'), Synset('abstraction.n.06'), Synset('psychological_feature.n.01'), Synset('event.n.01')]
parent found = Synset('event.n.01')


finding common parent of:: 
s1 = Synset('psychological_feature.n.01') || s2 = Synset('abstraction.n.06')
me = common_parent
me = findCommonofList
[Synset('entity.n.01'), Synset('abstraction.n.06'), Synset('psychological_feature.n.01')]
[Synset('entity.n.01'), Synset('abstraction.n.06')]
parent found = Synset('abstraction.n.06')


elist = [Synset('entity.n.01'), Synset('event.n.01'), Synset('abstraction.n.06')]
finding common parent of:: 
s1 = Synset('entity.n.01') || s2 = Synset('event.n.01')
me = common_parent
me = findCommonofList
[Synset('entity.n.01')]
[Synset('entity.n.01'), Synset('abstraction.n.06'), Synset('psychological_feature.n.01'), Synset('event.n.01')]
parent found = Synset('entity.n.01')


elist = [Synset('entity.n.01'), Synset('abstraction.n.06')]
###############################################
len = 2
me = common_parent
me = findCommonofList
[Synset('entity.n.01')]
[Synset('entity.n.01'), Synset('abstraction.n.06')]
tup before calling ex7= prevention
synset len = 1
all synsets :

[Synset('prevention.n.01')]
**********************
len = 1
tup before calling ex7= focus
synset len = 7
all synsets :

[Synset('focus.n.01'), Synset('focus.n.02'), Synset('focus.n.03'), Synset('focus.n.04'), Synset('stress.n.03'), Synset('focus.n.06'), Synset('focus.n.07')]
**********************
finding common parent of:: 
s1 = Synset('focus.n.01') || s2 = Synset('focus.n.02')
me = common_parent
me = findCommonofList
[Synset('entity.n.01'), Synset('abstraction.n.06'), Synset('psychological_feature.n.01'), Synset('cognition.n.01'), Synset('ability.n.02'), Synset('faculty.n.01'), Synset('attention.n.05'), Synset('concentration.n.05'), Synset('focus.n.01')]
[Synset('entity.n.01'), Synset('abstraction.n.06'), Synset('attribute.n.02'), Synset('quality.n.01'), Synset('clearness.n.02'), Synset('distinctness.n.01'), Synset('focus.n.02')]
parent found = Synset('abstraction.n.06')


finding common parent of:: 
s1 = Synset('focus.n.03') || s2 = Synset('focus.n.04')
me = common_parent
me = findCommonofList
[Synset('entity.n.01'), Synset('abstraction.n.06'), Synset('attribute.n.02'), Synset('quality.n.01'), Synset('comprehensibility.n.01'), Synset('clarity.n.01'), Synset('focus.n.03')]
[Synset('entity.n.01'), Synset('physical_entity.n.01'), Synset('object.n.01'), Synset('location.n.01'), Synset('point.n.02'), Synset('focus.n.04')]
parent found = Synset('entity.n.01')


finding common parent of:: 
s1 = Synset('stress.n.03') || s2 = Synset('focus.n.06')
me = common_parent
me = findCommonofList
[Synset('entity.n.01'), Synset('abstraction.n.06'), Synset('attribute.n.02'), Synset('state.n.02'), Synset('status.n.01'), Synset('standing.n.01'), Synset('importance.n.02'), Synset('emphasis.n.01'), Synset('stress.n.03')]
[Synset('entity.n.01'), Synset('physical_entity.n.01'), Synset('object.n.01'), Synset('location.n.01'), Synset('point.n.02'), Synset('focus.n.06')]
parent found = Synset('entity.n.01')


elist = [Synset('abstraction.n.06'), Synset('entity.n.01'), Synset('entity.n.01'), Synset('focus.n.07')]
finding common parent of:: 
s1 = Synset('abstraction.n.06') || s2 = Synset('entity.n.01')
me = common_parent
me = findCommonofList
[Synset('entity.n.01'), Synset('abstraction.n.06')]
[Synset('entity.n.01')]
parent found = Synset('entity.n.01')


finding common parent of:: 
s1 = Synset('entity.n.01') || s2 = Synset('focus.n.07')
me = common_parent
me = findCommonofList
[Synset('entity.n.01')]
[Synset('entity.n.01'), Synset('physical_entity.n.01'), Synset('object.n.01'), Synset('location.n.01'), Synset('point.n.02'), Synset('focus.n.07')]
parent found = Synset('entity.n.01')


elist = [Synset('entity.n.01'), Synset('entity.n.01')]
###############################################
len = 2
me = common_parent
me = findCommonofList
[Synset('entity.n.01')]
[Synset('entity.n.01')]
tup before calling ex7= article
synset len = 4
all synsets :

[Synset('article.n.01'), Synset('article.n.02'), Synset('article.n.03'), Synset('article.n.04')]
**********************
finding common parent of:: 
s1 = Synset('article.n.01') || s2 = Synset('article.n.02')
me = common_parent
me = findCommonofList
[Synset('entity.n.01'), Synset('physical_entity.n.01'), Synset('object.n.01'), Synset('whole.n.02'), Synset('artifact.n.01'), Synset('creation.n.02'), Synset('piece.n.06'), Synset('article.n.01')]
[Synset('entity.n.01'), Synset('physical_entity.n.01'), Synset('object.n.01'), Synset('whole.n.02'), Synset('artifact.n.01'), Synset('article.n.02')]
parent found = Synset('artifact.n.01')


finding common parent of:: 
s1 = Synset('article.n.03') || s2 = Synset('article.n.04')
me = common_parent
me = findCommonofList
[Synset('entity.n.01'), Synset('abstraction.n.06'), Synset('communication.n.02'), Synset('auditory_communication.n.01'), Synset('music.n.01'), Synset('section.n.01'), Synset('article.n.03')]
[Synset('entity.n.01'), Synset('abstraction.n.06'), Synset('relation.n.01'), Synset('part.n.01'), Synset('language_unit.n.01'), Synset('word.n.01'), Synset('function_word.n.01'), Synset('determiner.n.02'), Synset('article.n.04')]
parent found = Synset('abstraction.n.06')


elist = [Synset('artifact.n.01'), Synset('abstraction.n.06')]
###############################################
len = 2
me = common_parent
me = findCommonofList
[Synset('entity.n.01'), Synset('physical_entity.n.01'), Synset('object.n.01'), Synset('whole.n.02'), Synset('artifact.n.01')]
[Synset('entity.n.01'), Synset('abstraction.n.06')]
tup before calling ex7= risk
synset len = 4
all synsets :

[Synset('hazard.n.01'), Synset('risk.n.02'), Synset('risk.n.03'), Synset('risk.n.04')]
**********************
finding common parent of:: 
s1 = Synset('hazard.n.01') || s2 = Synset('risk.n.02')
me = common_parent
me = findCommonofList
[Synset('entity.n.01'), Synset('physical_entity.n.01'), Synset('causal_agent.n.01'), Synset('danger.n.03'), Synset('hazard.n.01')]
[Synset('entity.n.01'), Synset('abstraction.n.06'), Synset('psychological_feature.n.01'), Synset('event.n.01'), Synset('act.n.02'), Synset('activity.n.01'), Synset('work.n.01'), Synset('undertaking.n.01'), Synset('venture.n.01'), Synset('risk.n.02')]
parent found = Synset('entity.n.01')


finding common parent of:: 
s1 = Synset('risk.n.03') || s2 = Synset('risk.n.04')
me = common_parent
me = findCommonofList
[Synset('entity.n.01'), Synset('abstraction.n.06'), Synset('measure.n.02'), Synset('probability.n.01'), Synset('risk.n.03')]
[Synset('entity.n.01'), Synset('abstraction.n.06'), Synset('measure.n.02'), Synset('probability.n.01'), Synset('risk.n.04')]
parent found = Synset('probability.n.01')


elist = [Synset('entity.n.01'), Synset('probability.n.01')]
###############################################
len = 2
me = common_parent
me = findCommonofList
[Synset('entity.n.01')]
[Synset('entity.n.01'), Synset('abstraction.n.06'), Synset('measure.n.02'), Synset('probability.n.01')]
